Traceback (most recent call last):
  File "main.py", line 98, in <module>
    main()
  File "main.py", line 15, in main
    cf = config.Load()
  File "/home/grupo03/M5/Code/config/configuration.py", line 26, in Load
    cf = yaml.load(f, Loader=yaml.Loader)
  File "/home/grupo03/.local/lib/python2.7/site-packages/ruamel/yaml/main.py", line 935, in load
    return loader._constructor.get_single_data()
  File "/home/grupo03/.local/lib/python2.7/site-packages/ruamel/yaml/constructor.py", line 109, in get_single_data
    node = self.composer.get_single_node()
  File "/home/grupo03/.local/lib/python2.7/site-packages/ruamel/yaml/composer.py", line 78, in get_single_node
    document = self.compose_document()
  File "/home/grupo03/.local/lib/python2.7/site-packages/ruamel/yaml/composer.py", line 101, in compose_document
    node = self.compose_node(None, None)
  File "/home/grupo03/.local/lib/python2.7/site-packages/ruamel/yaml/composer.py", line 138, in compose_node
    node = self.compose_mapping_node(anchor)
  File "/home/grupo03/.local/lib/python2.7/site-packages/ruamel/yaml/composer.py", line 218, in compose_mapping_node
    item_value = self.compose_node(node, item_key)
  File "/home/grupo03/.local/lib/python2.7/site-packages/ruamel/yaml/composer.py", line 111, in compose_node
    if self.parser.check_event(AliasEvent):
  File "/home/grupo03/.local/lib/python2.7/site-packages/ruamel/yaml/parser.py", line 141, in check_event
    self.current_event = self.state()
  File "/home/grupo03/.local/lib/python2.7/site-packages/ruamel/yaml/parser.py", line 600, in parse_block_mapping_value
    return self.parse_block_node_or_indentless_sequence()
  File "/home/grupo03/.local/lib/python2.7/site-packages/ruamel/yaml/parser.py", line 329, in parse_block_node_or_indentless_sequence
    return self.parse_node(block=True, indentless_sequence=True)
  File "/home/grupo03/.local/lib/python2.7/site-packages/ruamel/yaml/parser.py", line 361, in parse_node
    if self.scanner.check_token(AnchorToken):
  File "/home/grupo03/.local/lib/python2.7/site-packages/ruamel/yaml/scanner.py", line 169, in check_token
    self.fetch_more_tokens()
  File "/home/grupo03/.local/lib/python2.7/site-packages/ruamel/yaml/scanner.py", line 221, in fetch_more_tokens
    self.stale_possible_simple_keys()
  File "/home/grupo03/.local/lib/python2.7/site-packages/ruamel/yaml/scanner.py", line 358, in stale_possible_simple_keys
    self.reader.get_mark(),
ruamel.yaml.scanner.ScannerError: while scanning a simple key
  in "config/SemSeg_sample_fcn8_pascal.yml", line 72, column 1
could not find expected ':'
  in "config/SemSeg_sample_fcn8_pascal.yml", line 73, column 1
