usage: main.py [-h] [--config_file CONFIG_FILE] [--exp_name EXP_NAME]
               [--exp_folder EXP_FOLDER] [--problem_type PROBLEM_TYPE]
               [--debug] [--silent] [--model MODEL_TYPE]
               [--resume_experiment RESUME_EXPERIMENT]
               [--pretrained_model PRETRAINED_MODEL]
               [--input_model_path INPUT_MODEL_PATH]
               [--load_weight_only LOAD_WEIGHT_ONLY]
               [--basic_models_path BASIC_MODELS_PATH]
               [--save_weight_only SAVE_WEIGHT_ONLY] [--model_name MODEL_NAME]
               [--output_model_path OUTPUT_MODEL_PATH] [--loss_type LOSS_TYPE]
               [--train_samples TRAIN_SAMPLES] [--valid_samples VALID_SAMPLES]
               [--test_samples TEST_SAMPLES]
               [--train_batch_size TRAIN_BATCH_SIZE]
               [--valid_batch_size VALID_BATCH_SIZE]
               [--test_batch_size TEST_BATCH_SIZE] [--train TRAIN]
               [--validation VALIDATION] [--test TEST]
               [--predict_test PREDICT_TEST]
               [--predict_path_output PREDICT_PATH_OUTPUT]
               [--size_image_train SIZE_IMAGE_TRAIN [SIZE_IMAGE_TRAIN ...]]
               [--size_image_valid SIZE_IMAGE_VALID [SIZE_IMAGE_VALID ...]]
               [--size_image_test SIZE_IMAGE_TEST [SIZE_IMAGE_TEST ...]]
               [--resize_image_train RESIZE_IMAGE_TRAIN [RESIZE_IMAGE_TRAIN ...]]
               [--resize_image_valid RESIZE_IMAGE_VALID [RESIZE_IMAGE_VALID ...]]
               [--resize_image_test RESIZE_IMAGE_TEST [RESIZE_IMAGE_TEST ...]]
               [--crop_train CROP_TRAIN [CROP_TRAIN ...]]
               [--grayscale GRAYSCALE] [--dataset DATASET]
               [--train_images_txt TRAIN_IMAGES_TXT]
               [--train_gt_txt TRAIN_GT_TXT]
               [--valid_images_txt VALID_IMAGES_TXT]
               [--valid_gt_txt VALID_GT_TXT]
               [--test_images_txt TEST_IMAGES_TXT] [--test_gt_txt TEST_GT_TXT]
               [--labels LABELS [LABELS ...]]
               [--map_labels MAP_LABELS [MAP_LABELS ...]]
               [--num_classes NUM_CLASSES] [--shuffle SHUFFLE]
               [--void_class VOID_CLASS] [--epochs EPOCHS]
               [--initial_epoch INITIAL_EPOCH]
               [--valid_samples_epoch VALID_SAMPLES_EPOCH]
               [--optimizer OPTIMIZER] [--momentum MOMENTUM1]
               [--momentum2 MOMENTUM2] [--learning_rate LEARNING_RATE]
               [--learning_rate_bias LEARNING_RATE_BIAS]
               [--weight_decay WEIGHT_DECAY] [--scheduler SCHEDULER]
               [--decay DECAY] [--sched_patience SCHED_PATIENCE]
               [--step_size STEP_SIZE] [--milestone MILESTONE [MILESTONE ...]]
               [--save_condition SAVE_CONDITION]
               [--early_stopping EARLY_STOPPING]
               [--stop_condition STOP_CONDITION] [--patience PATIENCE]
               [--rescale RESCALE] [--mean MEAN [MEAN ...]]
               [--std STD [STD ...]] [--hflips HFLIPS]
main.py: error: unrecognized arguments: -silent
