Loading configuration ...
load basic weights
NOT downloading file
	 Restoring weight from ./pretrained_models/basic_fcn8atonce.pth
	 WARNING: Could not load layer score_fr.weight with shape: torch.Size([21, 4096, 1, 1]) and torch.Size([19, 4096, 1, 1])
	 WARNING: Could not load layer score_fr.bias with shape: torch.Size([21]) and torch.Size([19])
	 WARNING: Could not load layer score_pool3.weight with shape: torch.Size([21, 256, 1, 1]) and torch.Size([19, 256, 1, 1])
	 WARNING: Could not load layer score_pool3.bias with shape: torch.Size([21]) and torch.Size([19])
	 WARNING: Could not load layer score_pool4.weight with shape: torch.Size([21, 512, 1, 1]) and torch.Size([19, 512, 1, 1])
	 WARNING: Could not load layer score_pool4.bias with shape: torch.Size([21]) and torch.Size([19])
	 WARNING: Could not load layer upscore2.weight with shape: torch.Size([21, 21, 4, 4]) and torch.Size([19, 19, 4, 4])
	 WARNING: Could not load layer upscore8.weight with shape: torch.Size([21, 21, 16, 16]) and torch.Size([19, 19, 16, 16])
	 WARNING: Could not load layer upscore_pool4.weight with shape: torch.Size([21, 21, 4, 4]) and torch.Size([19, 19, 4, 4])
	 Images from: /home/grupo03/M5/Code/city_txt_seg/train_images.txt
	 Gt from: /home/grupo03/M5/Code/city_txt_seg/train_labels.txt
	 Images found: 2975
	 Images from: /home/grupo03/M5/Code/city_txt_seg/valid_images.txt
	 Gt from: /home/grupo03/M5/Code/city_txt_seg/valid_labels.txt
	 Images found: 500
1 / 1525
2 / 1525
3 / 1525
4 / 1525
5 / 1525
6 / 1525
7 / 1525
8 / 1525
9 / 1525
10 / 1525
11 / 1525
12 / 1525
13 / 1525
14 / 1525
15 / 1525
16 / 1525
17 / 1525
18 / 1525
19 / 1525
20 / 1525
21 / 1525
22 / 1525
23 / 1525
24 / 1525
25 / 1525
26 / 1525
27 / 1525
28 / 1525
29 / 1525
30 / 1525
31 / 1525
32 / 1525
33 / 1525
34 / 1525
35 / 1525
36 / 1525
37 / 1525
38 / 1525
39 / 1525
40 / 1525
41 / 1525
42 / 1525
43 / 1525
44 / 1525
45 / 1525
46 / 1525
47 / 1525
48 / 1525
49 / 1525
50 / 1525
51 / 1525
52 / 1525
53 / 1525
54 / 1525
55 / 1525
56 / 1525
57 / 1525
58 / 1525
59 / 1525
60 / 1525
61 / 1525
62 / 1525
63 / 1525
64 / 1525
65 / 1525
66 / 1525
67 / 1525
68 / 1525
69 / 1525
70 / 1525
71 / 1525
72 / 1525
73 / 1525
74 / 1525
75 / 1525
76 / 1525
77 / 1525
78 / 1525
79 / 1525
80 / 1525
81 / 1525
82 / 1525
83 / 1525
84 / 1525
85 / 1525
86 / 1525
87 / 1525
88 / 1525
89 / 1525
90 / 1525
91 / 1525
92 / 1525
93 / 1525
94 / 1525
95 / 1525
96 / 1525
97 / 1525
98 / 1525
99 / 1525
100 / 1525
101 / 1525
102 / 1525
103 / 1525
104 / 1525
105 / 1525
106 / 1525
107 / 1525
108 / 1525
109 / 1525
110 / 1525
111 / 1525
112 / 1525
113 / 1525
114 / 1525
115 / 1525
116 / 1525
117 / 1525
118 / 1525
119 / 1525
120 / 1525
121 / 1525
122 / 1525
123 / 1525
124 / 1525
125 / 1525
126 / 1525
127 / 1525
128 / 1525
129 / 1525
130 / 1525
131 / 1525
132 / 1525
133 / 1525
134 / 1525
135 / 1525
136 / 1525
137 / 1525
138 / 1525
139 / 1525
140 / 1525
141 / 1525
142 / 1525
143 / 1525
144 / 1525
145 / 1525
146 / 1525
147 / 1525
148 / 1525
149 / 1525
150 / 1525
151 / 1525
152 / 1525
153 / 1525
154 / 1525
155 / 1525
156 / 1525
157 / 1525
158 / 1525
159 / 1525
160 / 1525
161 / 1525
162 / 1525
163 / 1525
164 / 1525
165 / 1525
166 / 1525
167 / 1525
168 / 1525
169 / 1525
170 / 1525
171 / 1525
172 / 1525
173 / 1525
174 / 1525
175 / 1525
176 / 1525
177 / 1525
178 / 1525
179 / 1525
180 / 1525
181 / 1525
182 / 1525
183 / 1525
184 / 1525
185 / 1525
186 / 1525
187 / 1525
188 / 1525
189 / 1525
190 / 1525
191 / 1525
192 / 1525
193 / 1525
194 / 1525
195 / 1525
196 / 1525
197 / 1525
198 / 1525
199 / 1525
200 / 1525
201 / 1525
202 / 1525
203 / 1525
204 / 1525
205 / 1525
206 / 1525
207 / 1525
208 / 1525
209 / 1525
210 / 1525
211 / 1525
212 / 1525
213 / 1525
214 / 1525
215 / 1525
216 / 1525
217 / 1525
218 / 1525
219 / 1525
220 / 1525
221 / 1525
222 / 1525
223 / 1525
224 / 1525
225 / 1525
226 / 1525
227 / 1525
228 / 1525
229 / 1525
230 / 1525
231 / 1525
232 / 1525
233 / 1525
234 / 1525
235 / 1525
236 / 1525
237 / 1525
238 / 1525
239 / 1525
240 / 1525
241 / 1525
242 / 1525
243 / 1525
244 / 1525
245 / 1525
246 / 1525
247 / 1525
248 / 1525
249 / 1525
250 / 1525
251 / 1525
252 / 1525
253 / 1525
254 / 1525
255 / 1525
256 / 1525
257 / 1525
258 / 1525
259 / 1525
260 / 1525
261 / 1525
262 / 1525
263 / 1525
264 / 1525
265 / 1525
266 / 1525
267 / 1525
268 / 1525
269 / 1525
270 / 1525
271 / 1525
272 / 1525
273 / 1525
274 / 1525
275 / 1525
276 / 1525
277 / 1525
278 / 1525
279 / 1525
280 / 1525
281 / 1525
282 / 1525
283 / 1525
284 / 1525
285 / 1525
286 / 1525
287 / 1525
288 / 1525
289 / 1525
290 / 1525
291 / 1525
292 / 1525
293 / 1525
294 / 1525
295 / 1525
296 / 1525
297 / 1525
298 / 1525
299 / 1525
300 / 1525
301 / 1525
302 / 1525
303 / 1525
304 / 1525
305 / 1525
306 / 1525
307 / 1525
308 / 1525
309 / 1525
310 / 1525
311 / 1525
312 / 1525
313 / 1525
314 / 1525
315 / 1525
316 / 1525
317 / 1525
318 / 1525
319 / 1525
320 / 1525
321 / 1525
322 / 1525
323 / 1525
324 / 1525
325 / 1525
326 / 1525
327 / 1525
328 / 1525
329 / 1525
330 / 1525
331 / 1525
332 / 1525
333 / 1525
334 / 1525
335 / 1525
336 / 1525
337 / 1525
338 / 1525
339 / 1525
340 / 1525
341 / 1525
342 / 1525
343 / 1525
344 / 1525
345 / 1525
346 / 1525
347 / 1525
348 / 1525
349 / 1525
350 / 1525
351 / 1525
352 / 1525
353 / 1525
354 / 1525
355 / 1525
356 / 1525
357 / 1525
358 / 1525
359 / 1525
360 / 1525
361 / 1525
362 / 1525
363 / 1525
364 / 1525
365 / 1525
366 / 1525
367 / 1525
368 / 1525
369 / 1525
370 / 1525
371 / 1525
372 / 1525
373 / 1525
374 / 1525
375 / 1525
376 / 1525
377 / 1525
378 / 1525
379 / 1525
380 / 1525
381 / 1525
382 / 1525
383 / 1525
384 / 1525
385 / 1525
386 / 1525
387 / 1525
388 / 1525
389 / 1525
390 / 1525
391 / 1525
392 / 1525
393 / 1525
394 / 1525
395 / 1525
396 / 1525
397 / 1525
398 / 1525
399 / 1525
400 / 1525
401 / 1525
402 / 1525
403 / 1525
404 / 1525
405 / 1525
406 / 1525
407 / 1525
408 / 1525
409 / 1525
410 / 1525
411 / 1525
412 / 1525
413 / 1525
414 / 1525
415 / 1525
416 / 1525
417 / 1525
418 / 1525
419 / 1525
420 / 1525
421 / 1525
422 / 1525
423 / 1525
424 / 1525
425 / 1525
426 / 1525
427 / 1525
428 / 1525
429 / 1525
430 / 1525
431 / 1525
432 / 1525
433 / 1525
434 / 1525
435 / 1525
436 / 1525
437 / 1525
438 / 1525
439 / 1525
440 / 1525
441 / 1525
442 / 1525
443 / 1525
444 / 1525
445 / 1525
446 / 1525
447 / 1525
448 / 1525
449 / 1525
450 / 1525
451 / 1525
452 / 1525
453 / 1525
454 / 1525
455 / 1525
456 / 1525
457 / 1525
458 / 1525
459 / 1525
460 / 1525
461 / 1525
462 / 1525
463 / 1525
464 / 1525
465 / 1525
466 / 1525
467 / 1525
468 / 1525
469 / 1525
470 / 1525
471 / 1525
472 / 1525
473 / 1525
474 / 1525
475 / 1525
476 / 1525
477 / 1525
478 / 1525
479 / 1525
480 / 1525
481 / 1525
482 / 1525
483 / 1525
484 / 1525
485 / 1525
486 / 1525
487 / 1525
488 / 1525
489 / 1525
490 / 1525
491 / 1525
492 / 1525
493 / 1525
494 / 1525
495 / 1525
496 / 1525
497 / 1525
498 / 1525
499 / 1525
500 / 1525
501 / 1525
502 / 1525
503 / 1525
504 / 1525
505 / 1525
506 / 1525
507 / 1525
508 / 1525
509 / 1525
510 / 1525
511 / 1525
512 / 1525
513 / 1525
514 / 1525
515 / 1525
516 / 1525
517 / 1525
518 / 1525
519 / 1525
520 / 1525
521 / 1525
522 / 1525
523 / 1525
524 / 1525
525 / 1525
526 / 1525
527 / 1525
528 / 1525
529 / 1525
530 / 1525
531 / 1525
532 / 1525
533 / 1525
534 / 1525
535 / 1525
536 / 1525
537 / 1525
538 / 1525
539 / 1525
540 / 1525
541 / 1525
542 / 1525
543 / 1525
544 / 1525
545 / 1525
546 / 1525
547 / 1525
548 / 1525
549 / 1525
550 / 1525
551 / 1525
552 / 1525
553 / 1525
554 / 1525
555 / 1525
556 / 1525
557 / 1525
558 / 1525
559 / 1525
560 / 1525
561 / 1525
562 / 1525
563 / 1525
564 / 1525
565 / 1525
566 / 1525
567 / 1525
568 / 1525
569 / 1525
570 / 1525
571 / 1525
572 / 1525
573 / 1525
574 / 1525
575 / 1525
576 / 1525
577 / 1525
578 / 1525
579 / 1525
580 / 1525
581 / 1525
582 / 1525
583 / 1525
584 / 1525
585 / 1525
586 / 1525
587 / 1525
588 / 1525
589 / 1525
590 / 1525
591 / 1525
592 / 1525
593 / 1525
594 / 1525
595 / 1525
596 / 1525
597 / 1525
598 / 1525
599 / 1525
600 / 1525
601 / 1525
602 / 1525
603 / 1525
604 / 1525
605 / 1525
606 / 1525
607 / 1525
608 / 1525
609 / 1525
610 / 1525
611 / 1525
612 / 1525
613 / 1525
614 / 1525
615 / 1525
616 / 1525
617 / 1525
618 / 1525
619 / 1525
620 / 1525
621 / 1525
622 / 1525
623 / 1525
624 / 1525
625 / 1525
626 / 1525
627 / 1525
628 / 1525
629 / 1525
630 / 1525
631 / 1525
632 / 1525
633 / 1525
634 / 1525
635 / 1525
636 / 1525
637 / 1525
638 / 1525
639 / 1525
640 / 1525
641 / 1525
642 / 1525
643 / 1525
644 / 1525
645 / 1525
646 / 1525
647 / 1525
648 / 1525
649 / 1525
650 / 1525
651 / 1525
652 / 1525
653 / 1525
654 / 1525
655 / 1525
656 / 1525
657 / 1525
658 / 1525
659 / 1525
660 / 1525
661 / 1525
662 / 1525
663 / 1525
664 / 1525
665 / 1525
666 / 1525
667 / 1525
668 / 1525
669 / 1525
670 / 1525
671 / 1525
672 / 1525
673 / 1525
674 / 1525
675 / 1525
676 / 1525
677 / 1525
678 / 1525
679 / 1525
680 / 1525
681 / 1525
682 / 1525
683 / 1525
684 / 1525
685 / 1525
686 / 1525
687 / 1525
688 / 1525
689 / 1525
690 / 1525
691 / 1525
692 / 1525
693 / 1525
694 / 1525
695 / 1525
696 / 1525
697 / 1525
698 / 1525
699 / 1525
700 / 1525
701 / 1525
702 / 1525
703 / 1525
704 / 1525
705 / 1525
706 / 1525
707 / 1525
708 / 1525
709 / 1525
710 / 1525
711 / 1525
712 / 1525
713 / 1525
714 / 1525
715 / 1525
716 / 1525
717 / 1525
718 / 1525
719 / 1525
720 / 1525
721 / 1525
722 / 1525
723 / 1525
724 / 1525
725 / 1525
726 / 1525
727 / 1525
728 / 1525
729 / 1525
730 / 1525
731 / 1525
732 / 1525
733 / 1525
734 / 1525
735 / 1525
736 / 1525
737 / 1525
738 / 1525
739 / 1525
740 / 1525
741 / 1525
742 / 1525
743 / 1525
744 / 1525
745 / 1525
746 / 1525
747 / 1525
748 / 1525
749 / 1525
750 / 1525
751 / 1525
752 / 1525
753 / 1525
754 / 1525
755 / 1525
756 / 1525
757 / 1525
758 / 1525
759 / 1525
760 / 1525
761 / 1525
762 / 1525
763 / 1525
764 / 1525
765 / 1525
766 / 1525
767 / 1525
768 / 1525
769 / 1525
770 / 1525
771 / 1525
772 / 1525
773 / 1525
774 / 1525
775 / 1525
776 / 1525
777 / 1525
778 / 1525
779 / 1525
780 / 1525
781 / 1525
782 / 1525
783 / 1525
784 / 1525
785 / 1525
786 / 1525
787 / 1525
788 / 1525
789 / 1525
790 / 1525
791 / 1525
792 / 1525
793 / 1525
794 / 1525
795 / 1525
796 / 1525
797 / 1525
798 / 1525
799 / 1525
800 / 1525
801 / 1525
802 / 1525
803 / 1525
804 / 1525
805 / 1525
806 / 1525
807 / 1525
808 / 1525
809 / 1525
810 / 1525
811 / 1525
812 / 1525
813 / 1525
814 / 1525
815 / 1525
816 / 1525
817 / 1525
818 / 1525
819 / 1525
820 / 1525
821 / 1525
822 / 1525
823 / 1525
824 / 1525
825 / 1525
826 / 1525
827 / 1525
828 / 1525
829 / 1525
830 / 1525
831 / 1525
832 / 1525
833 / 1525
834 / 1525
835 / 1525
836 / 1525
837 / 1525
838 / 1525
839 / 1525
840 / 1525
841 / 1525
842 / 1525
843 / 1525
844 / 1525
845 / 1525
846 / 1525
847 / 1525
848 / 1525
849 / 1525
850 / 1525
851 / 1525
852 / 1525
853 / 1525
854 / 1525
855 / 1525
856 / 1525
857 / 1525
858 / 1525
859 / 1525
860 / 1525
861 / 1525
862 / 1525
863 / 1525
864 / 1525
865 / 1525
866 / 1525
867 / 1525
868 / 1525
869 / 1525
870 / 1525
871 / 1525
872 / 1525
873 / 1525
874 / 1525
875 / 1525
876 / 1525
877 / 1525
878 / 1525
879 / 1525
880 / 1525
881 / 1525
882 / 1525
883 / 1525
884 / 1525
885 / 1525
886 / 1525
887 / 1525
888 / 1525
889 / 1525
890 / 1525
891 / 1525
892 / 1525
893 / 1525
894 / 1525
895 / 1525
896 / 1525
897 / 1525
898 / 1525
899 / 1525
900 / 1525
901 / 1525
902 / 1525
903 / 1525
904 / 1525
905 / 1525
906 / 1525
907 / 1525
908 / 1525
909 / 1525
910 / 1525
911 / 1525
912 / 1525
913 / 1525
914 / 1525
915 / 1525
916 / 1525
917 / 1525
918 / 1525
919 / 1525
920 / 1525
921 / 1525
922 / 1525
923 / 1525
924 / 1525
925 / 1525
926 / 1525
927 / 1525
928 / 1525
929 / 1525
930 / 1525
931 / 1525
932 / 1525
933 / 1525
934 / 1525
935 / 1525
936 / 1525
937 / 1525
938 / 1525
939 / 1525
940 / 1525
941 / 1525
942 / 1525
943 / 1525
944 / 1525
945 / 1525
946 / 1525
947 / 1525
948 / 1525
949 / 1525
950 / 1525
951 / 1525
952 / 1525
953 / 1525
954 / 1525
955 / 1525
956 / 1525
957 / 1525
958 / 1525
959 / 1525
960 / 1525
961 / 1525
962 / 1525
963 / 1525
964 / 1525
965 / 1525
966 / 1525
967 / 1525
968 / 1525
969 / 1525
970 / 1525
971 / 1525
972 / 1525
973 / 1525
974 / 1525
975 / 1525
976 / 1525
977 / 1525
978 / 1525
979 / 1525
980 / 1525
981 / 1525
982 / 1525
983 / 1525
984 / 1525
985 / 1525
986 / 1525
987 / 1525
988 / 1525
989 / 1525
990 / 1525
991 / 1525
992 / 1525
993 / 1525
994 / 1525
995 / 1525
996 / 1525
997 / 1525
998 / 1525
999 / 1525
1000 / 1525
1001 / 1525
1002 / 1525
1003 / 1525
1004 / 1525
1005 / 1525
1006 / 1525
1007 / 1525
1008 / 1525
1009 / 1525
1010 / 1525
1011 / 1525
1012 / 1525
1013 / 1525
1014 / 1525
1015 / 1525
1016 / 1525
1017 / 1525
1018 / 1525
1019 / 1525
1020 / 1525
1021 / 1525
1022 / 1525
1023 / 1525
1024 / 1525
1025 / 1525
1026 / 1525
1027 / 1525
1028 / 1525
1029 / 1525
1030 / 1525
1031 / 1525
1032 / 1525
1033 / 1525
1034 / 1525
1035 / 1525
1036 / 1525
1037 / 1525
1038 / 1525
1039 / 1525
1040 / 1525
1041 / 1525
1042 / 1525
1043 / 1525
1044 / 1525
1045 / 1525
1046 / 1525
1047 / 1525
1048 / 1525
1049 / 1525
1050 / 1525
1051 / 1525
1052 / 1525
1053 / 1525
1054 / 1525
1055 / 1525
1056 / 1525
1057 / 1525
1058 / 1525
1059 / 1525
1060 / 1525
1061 / 1525
1062 / 1525
1063 / 1525
1064 / 1525
1065 / 1525
1066 / 1525
1067 / 1525
1068 / 1525
1069 / 1525
1070 / 1525
1071 / 1525
1072 / 1525
1073 / 1525
1074 / 1525
1075 / 1525
1076 / 1525
1077 / 1525
1078 / 1525
1079 / 1525
1080 / 1525
1081 / 1525
1082 / 1525
1083 / 1525
1084 / 1525
1085 / 1525
1086 / 1525
1087 / 1525
1088 / 1525
1089 / 1525
1090 / 1525
1091 / 1525
1092 / 1525
1093 / 1525
1094 / 1525
1095 / 1525
1096 / 1525
1097 / 1525
1098 / 1525
1099 / 1525
1100 / 1525
1101 / 1525
1102 / 1525
1103 / 1525
1104 / 1525
1105 / 1525
1106 / 1525
1107 / 1525
1108 / 1525
1109 / 1525
1110 / 1525
1111 / 1525
1112 / 1525
1113 / 1525
1114 / 1525
1115 / 1525
1116 / 1525
1117 / 1525
1118 / 1525
1119 / 1525
1120 / 1525
1121 / 1525
1122 / 1525
1123 / 1525
1124 / 1525
1125 / 1525
1126 / 1525
1127 / 1525
1128 / 1525
1129 / 1525
1130 / 1525
1131 / 1525
1132 / 1525
1133 / 1525
1134 / 1525
1135 / 1525
1136 / 1525
1137 / 1525
1138 / 1525
1139 / 1525
1140 / 1525
1141 / 1525
1142 / 1525
1143 / 1525
1144 / 1525
1145 / 1525
1146 / 1525
1147 / 1525
1148 / 1525
1149 / 1525
1150 / 1525
1151 / 1525
1152 / 1525
1153 / 1525
1154 / 1525
1155 / 1525
1156 / 1525
1157 / 1525
1158 / 1525
1159 / 1525
1160 / 1525
1161 / 1525
1162 / 1525
1163 / 1525
1164 / 1525
1165 / 1525
1166 / 1525
1167 / 1525
1168 / 1525
1169 / 1525
1170 / 1525
1171 / 1525
1172 / 1525
1173 / 1525
1174 / 1525
1175 / 1525
1176 / 1525
1177 / 1525
1178 / 1525
1179 / 1525
1180 / 1525
1181 / 1525
1182 / 1525
1183 / 1525
1184 / 1525
1185 / 1525
1186 / 1525
1187 / 1525
1188 / 1525
1189 / 1525
1190 / 1525
1191 / 1525
1192 / 1525
1193 / 1525
1194 / 1525
1195 / 1525
1196 / 1525
1197 / 1525
1198 / 1525
1199 / 1525
1200 / 1525
1201 / 1525
1202 / 1525
1203 / 1525
1204 / 1525
1205 / 1525
1206 / 1525
1207 / 1525
1208 / 1525
1209 / 1525
1210 / 1525
1211 / 1525
1212 / 1525
1213 / 1525
1214 / 1525
1215 / 1525
1216 / 1525
1217 / 1525
1218 / 1525
1219 / 1525
1220 / 1525
1221 / 1525
1222 / 1525
1223 / 1525
1224 / 1525
1225 / 1525
1226 / 1525
1227 / 1525
1228 / 1525
1229 / 1525
1230 / 1525
1231 / 1525
1232 / 1525
1233 / 1525
1234 / 1525
1235 / 1525
1236 / 1525
1237 / 1525
1238 / 1525
1239 / 1525
1240 / 1525
1241 / 1525
1242 / 1525
1243 / 1525
1244 / 1525
1245 / 1525
1246 / 1525
1247 / 1525
1248 / 1525
1249 / 1525
1250 / 1525
1251 / 1525
1252 / 1525
1253 / 1525
1254 / 1525
1255 / 1525
1256 / 1525
1257 / 1525
1258 / 1525
1259 / 1525
1260 / 1525
1261 / 1525
1262 / 1525
1263 / 1525
1264 / 1525
1265 / 1525
1266 / 1525
1267 / 1525
1268 / 1525
1269 / 1525
1270 / 1525
1271 / 1525
1272 / 1525
1273 / 1525
1274 / 1525
1275 / 1525
1276 / 1525
1277 / 1525
1278 / 1525
1279 / 1525
1280 / 1525
1281 / 1525
1282 / 1525
1283 / 1525
1284 / 1525
1285 / 1525
1286 / 1525
1287 / 1525
1288 / 1525
1289 / 1525
1290 / 1525
1291 / 1525
1292 / 1525
1293 / 1525
1294 / 1525
1295 / 1525
1296 / 1525
1297 / 1525
1298 / 1525
1299 / 1525
1300 / 1525
1301 / 1525
1302 / 1525
1303 / 1525
1304 / 1525
1305 / 1525
1306 / 1525
1307 / 1525
1308 / 1525
1309 / 1525
1310 / 1525
1311 / 1525
1312 / 1525
1313 / 1525
1314 / 1525
1315 / 1525
1316 / 1525
1317 / 1525
1318 / 1525
1319 / 1525
1320 / 1525
1321 / 1525
1322 / 1525
1323 / 1525
1324 / 1525
1325 / 1525
1326 / 1525
1327 / 1525
1328 / 1525
1329 / 1525
1330 / 1525
1331 / 1525
1332 / 1525
1333 / 1525
1334 / 1525
1335 / 1525
1336 / 1525
1337 / 1525
1338 / 1525
1339 / 1525
1340 / 1525
1341 / 1525
1342 / 1525
1343 / 1525
1344 / 1525
1345 / 1525
1346 / 1525
1347 / 1525
1348 / 1525
1349 / 1525
1350 / 1525
1351 / 1525
1352 / 1525
1353 / 1525
1354 / 1525
1355 / 1525
1356 / 1525
1357 / 1525
1358 / 1525
1359 / 1525
1360 / 1525
1361 / 1525
1362 / 1525
1363 / 1525
1364 / 1525
1365 / 1525
1366 / 1525
1367 / 1525
1368 / 1525
1369 / 1525
1370 / 1525
1371 / 1525
1372 / 1525
1373 / 1525
1374 / 1525
1375 / 1525
1376 / 1525
1377 / 1525
1378 / 1525
1379 / 1525
1380 / 1525
1381 / 1525
1382 / 1525
1383 / 1525
1384 / 1525
1385 / 1525
1386 / 1525
1387 / 1525
1388 / 1525
1389 / 1525
1390 / 1525
1391 / 1525
1392 / 1525
1393 / 1525
1394 / 1525
1395 / 1525
1396 / 1525
1397 / 1525
1398 / 1525
1399 / 1525
1400 / 1525
1401 / 1525
1402 / 1525
1403 / 1525
1404 / 1525
1405 / 1525
1406 / 1525
1407 / 1525
1408 / 1525
1409 / 1525
1410 / 1525
1411 / 1525
1412 / 1525
1413 / 1525
1414 / 1525
1415 / 1525
1416 / 1525
1417 / 1525
1418 / 1525
1419 / 1525
1420 / 1525
1421 / 1525
1422 / 1525
1423 / 1525
1424 / 1525
1425 / 1525
1426 / 1525
1427 / 1525
1428 / 1525
1429 / 1525
1430 / 1525
1431 / 1525
1432 / 1525
1433 / 1525
1434 / 1525
1435 / 1525
1436 / 1525
1437 / 1525
1438 / 1525
1439 / 1525
1440 / 1525
1441 / 1525
1442 / 1525
1443 / 1525
1444 / 1525
1445 / 1525
1446 / 1525
1447 / 1525
1448 / 1525
1449 / 1525
1450 / 1525
1451 / 1525
1452 / 1525
1453 / 1525
1454 / 1525
1455 / 1525
1456 / 1525
1457 / 1525
1458 / 1525
1459 / 1525
1460 / 1525
1461 / 1525
1462 / 1525
1463 / 1525
1464 / 1525
1465 / 1525
1466 / 1525
1467 / 1525
1468 / 1525
1469 / 1525
1470 / 1525
1471 / 1525
1472 / 1525
1473 / 1525
1474 / 1525
1475 / 1525
1476 / 1525
1477 / 1525
1478 / 1525
1479 / 1525
1480 / 1525
1481 / 1525
1482 / 1525
1483 / 1525
1484 / 1525
1485 / 1525
1486 / 1525
1487 / 1525
1488 / 1525
1489 / 1525
1490 / 1525
1491 / 1525
1492 / 1525
1493 / 1525
1494 / 1525
1495 / 1525
1496 / 1525
1497 / 1525
1498 / 1525
1499 / 1525
1500 / 1525
1501 / 1525
1502 / 1525
1503 / 1525
1504 / 1525
1505 / 1525
1506 / 1525
1507 / 1525
1508 / 1525
1509 / 1525
1510 / 1525
1511 / 1525
1512 / 1525
1513 / 1525
1514 / 1525
1515 / 1525
1516 / 1525
1517 / 1525
1518 / 1525
1519 / 1525
1520 / 1525
1521 / 1525
1522 / 1525
1523 / 1525
1524 / 1525
1525 / 1525
