Loading configuration ...
load basic weights
NOT downloading file
	 Restoring weight from ./pretrained_models/basic_fcn8atonce.pth
	 WARNING: Could not load layer score_fr.weight with shape: torch.Size([21, 4096, 1, 1]) and torch.Size([11, 4096, 1, 1])
	 WARNING: Could not load layer score_fr.bias with shape: torch.Size([21]) and torch.Size([11])
	 WARNING: Could not load layer score_pool3.weight with shape: torch.Size([21, 256, 1, 1]) and torch.Size([11, 256, 1, 1])
	 WARNING: Could not load layer score_pool3.bias with shape: torch.Size([21]) and torch.Size([11])
	 WARNING: Could not load layer score_pool4.weight with shape: torch.Size([21, 512, 1, 1]) and torch.Size([11, 512, 1, 1])
	 WARNING: Could not load layer score_pool4.bias with shape: torch.Size([21]) and torch.Size([11])
	 WARNING: Could not load layer upscore2.weight with shape: torch.Size([21, 21, 4, 4]) and torch.Size([11, 11, 4, 4])
	 WARNING: Could not load layer upscore8.weight with shape: torch.Size([21, 21, 16, 16]) and torch.Size([11, 11, 16, 16])
	 WARNING: Could not load layer upscore_pool4.weight with shape: torch.Size([21, 21, 4, 4]) and torch.Size([11, 11, 4, 4])
	 Images from: /home/grupo03/M5/Code/Kitti_txt_seg/train_images.txt
	 Gt from: /home/grupo03/M5/Code/Kitti_txt_seg/train_labels.txt
	 Images found: 100
	 Images from: /home/grupo03/M5/Code/Kitti_txt_seg/valid_images.txt
	 Gt from: /home/grupo03/M5/Code/Kitti_txt_seg/valid_labels.txt
	 Images found: 46
1 / 46
2 / 46
3 / 46
4 / 46
5 / 46
6 / 46
7 / 46
8 / 46
9 / 46
10 / 46
11 / 46
12 / 46
13 / 46
14 / 46
15 / 46
16 / 46
17 / 46
18 / 46
19 / 46
20 / 46
21 / 46
22 / 46
23 / 46
24 / 46
25 / 46
26 / 46
27 / 46
28 / 46
29 / 46
30 / 46
31 / 46
32 / 46
33 / 46
34 / 46
35 / 46
36 / 46
37 / 46
38 / 46
39 / 46
40 / 46
41 / 46
42 / 46
43 / 46
44 / 46
45 / 46
46 / 46
