/home/grupo03/anaconda3/lib/python2.7/site-packages/torch/nn/modules/loss.py:206: UserWarning: NLLLoss2d has been deprecated. Please use NLLLoss instead as a drop-in replacement and see http://pytorch.org/docs/master/nn.html#torch.nn.NLLLoss for more details.
  warnings.warn("NLLLoss2d has been deprecated. "
/home/grupo03/anaconda3/lib/python2.7/site-packages/torch/nn/functional.py:52: UserWarning: size_average and reduce args will be deprecated, please use reduction='elementwise_mean' instead.
  warnings.warn(warning.format(ret))
/home/grupo03/M5/Code/models/loss/segmentation/crossEntropyLoss2d.py:37: UserWarning: Implicit dimension choice for log_softmax has been deprecated. Change the call to include dim=X as an argument.
  loss = loss_fn_(F.log_softmax(inputs), targets)
THCudaCheck FAIL file=/opt/conda/conda-bld/pytorch_1535488076166/work/aten/src/THC/generic/THCTensorMath.cu line=26 error=59 : device-side assert triggered
Exception EOFError: EOFError() in <bound method _DataLoaderIter.__del__ of <torch.utils.data.dataloader._DataLoaderIter object at 0x7f2b86e7bd10>> ignored
Traceback (most recent call last):
  File "main.py", line 98, in <module>
    main()
  File "main.py", line 49, in main
    dataloader.loader_set, dataloader.loader)
  File "/home/grupo03/M5/Code/tasks/simple_trainer_manager.py", line 85, in start
    self.training_loop(epoch, train_loader, epoch_bar)
  File "/home/grupo03/M5/Code/tasks/simple_trainer_manager.py", line 133, in training_loop
    self.compute_gradients()
  File "/home/grupo03/M5/Code/tasks/simple_trainer_manager.py", line 168, in compute_gradients
    self.loss.backward()
  File "/home/grupo03/anaconda3/lib/python2.7/site-packages/torch/tensor.py", line 93, in backward
    torch.autograd.backward(self, gradient, retain_graph, create_graph)
  File "/home/grupo03/anaconda3/lib/python2.7/site-packages/torch/autograd/__init__.py", line 90, in backward
    allow_unreachable=True)  # allow_unreachable flag
RuntimeError: cuda runtime error (59) : device-side assert triggered at /opt/conda/conda-bld/pytorch_1535488076166/work/aten/src/THC/generic/THCTensorMath.cu:26
