Loading configuration ...
load basic weights
NOT downloading file
	 Restoring weight from ./pretrained_models/basic_fcn8atonce.pth
	 WARNING: Could not load layer score_fr.weight with shape: torch.Size([21, 4096, 1, 1]) and torch.Size([20, 4096, 1, 1])
	 WARNING: Could not load layer score_fr.bias with shape: torch.Size([21]) and torch.Size([20])
	 WARNING: Could not load layer score_pool3.weight with shape: torch.Size([21, 256, 1, 1]) and torch.Size([20, 256, 1, 1])
	 WARNING: Could not load layer score_pool3.bias with shape: torch.Size([21]) and torch.Size([20])
	 WARNING: Could not load layer score_pool4.weight with shape: torch.Size([21, 512, 1, 1]) and torch.Size([20, 512, 1, 1])
	 WARNING: Could not load layer score_pool4.bias with shape: torch.Size([21]) and torch.Size([20])
	 WARNING: Could not load layer upscore2.weight with shape: torch.Size([21, 21, 4, 4]) and torch.Size([20, 20, 4, 4])
	 WARNING: Could not load layer upscore8.weight with shape: torch.Size([21, 21, 16, 16]) and torch.Size([20, 20, 16, 16])
	 WARNING: Could not load layer upscore_pool4.weight with shape: torch.Size([21, 21, 4, 4]) and torch.Size([20, 20, 4, 4])
	 Images from: /home/grupo03/M5/Code/synthia_txt_seg/train_images.txt
	 Gt from: /home/grupo03/M5/Code/synthia_txt_seg/train_labels.txt
	 Images found: 7520
	 Images from: /home/grupo03/M5/Code/synthia_txt_seg/valid_images.txt
	 Gt from: /home/grupo03/M5/Code/synthia_txt_seg/valid_labels.txt
	 Images found: 470
	 Images from: /home/grupo03/M5/Code/synthia_txt_seg/test_images.txt
	 Gt from: /home/grupo03/M5/Code/synthia_txt_seg/test_labels.txt
	 Images found: 940
1 / 940
2 / 940
3 / 940
4 / 940
5 / 940
6 / 940
7 / 940
8 / 940
9 / 940
10 / 940
11 / 940
12 / 940
13 / 940
14 / 940
15 / 940
16 / 940
17 / 940
18 / 940
19 / 940
20 / 940
21 / 940
22 / 940
23 / 940
24 / 940
25 / 940
26 / 940
27 / 940
28 / 940
29 / 940
30 / 940
31 / 940
32 / 940
33 / 940
34 / 940
35 / 940
36 / 940
37 / 940
38 / 940
39 / 940
40 / 940
41 / 940
42 / 940
43 / 940
44 / 940
45 / 940
46 / 940
47 / 940
48 / 940
49 / 940
50 / 940
51 / 940
52 / 940
53 / 940
54 / 940
55 / 940
56 / 940
57 / 940
58 / 940
59 / 940
60 / 940
61 / 940
62 / 940
63 / 940
64 / 940
65 / 940
66 / 940
67 / 940
68 / 940
69 / 940
70 / 940
71 / 940
72 / 940
73 / 940
74 / 940
75 / 940
76 / 940
77 / 940
78 / 940
79 / 940
80 / 940
81 / 940
82 / 940
83 / 940
84 / 940
85 / 940
86 / 940
87 / 940
88 / 940
89 / 940
90 / 940
91 / 940
92 / 940
93 / 940
94 / 940
95 / 940
96 / 940
97 / 940
98 / 940
99 / 940
100 / 940
101 / 940
102 / 940
103 / 940
104 / 940
105 / 940
106 / 940
107 / 940
108 / 940
109 / 940
110 / 940
111 / 940
112 / 940
113 / 940
114 / 940
115 / 940
116 / 940
117 / 940
118 / 940
119 / 940
120 / 940
121 / 940
122 / 940
123 / 940
124 / 940
125 / 940
126 / 940
127 / 940
128 / 940
129 / 940
130 / 940
131 / 940
132 / 940
133 / 940
134 / 940
135 / 940
136 / 940
137 / 940
138 / 940
139 / 940
140 / 940
141 / 940
142 / 940
143 / 940
144 / 940
145 / 940
146 / 940
147 / 940
148 / 940
149 / 940
150 / 940
151 / 940
152 / 940
153 / 940
154 / 940
155 / 940
156 / 940
157 / 940
158 / 940
159 / 940
160 / 940
161 / 940
162 / 940
163 / 940
164 / 940
165 / 940
166 / 940
167 / 940
168 / 940
169 / 940
170 / 940
171 / 940
172 / 940
173 / 940
174 / 940
175 / 940
176 / 940
177 / 940
178 / 940
179 / 940
180 / 940
181 / 940
182 / 940
183 / 940
184 / 940
185 / 940
186 / 940
187 / 940
188 / 940
189 / 940
190 / 940
191 / 940
192 / 940
193 / 940
194 / 940
195 / 940
196 / 940
197 / 940
198 / 940
199 / 940
200 / 940
201 / 940
202 / 940
203 / 940
204 / 940
205 / 940
206 / 940
207 / 940
208 / 940
209 / 940
210 / 940
211 / 940
212 / 940
213 / 940
214 / 940
215 / 940
216 / 940
217 / 940
218 / 940
219 / 940
220 / 940
221 / 940
222 / 940
223 / 940
224 / 940
225 / 940
226 / 940
227 / 940
228 / 940
229 / 940
230 / 940
231 / 940
232 / 940
233 / 940
234 / 940
235 / 940
236 / 940
237 / 940
238 / 940
239 / 940
240 / 940
241 / 940
242 / 940
243 / 940
244 / 940
245 / 940
246 / 940
247 / 940
248 / 940
249 / 940
250 / 940
251 / 940
252 / 940
253 / 940
254 / 940
255 / 940
256 / 940
257 / 940
258 / 940
259 / 940
260 / 940
261 / 940
262 / 940
263 / 940
264 / 940
265 / 940
266 / 940
267 / 940
268 / 940
269 / 940
270 / 940
271 / 940
272 / 940
273 / 940
274 / 940
275 / 940
276 / 940
277 / 940
278 / 940
279 / 940
280 / 940
281 / 940
282 / 940
283 / 940
284 / 940
285 / 940
286 / 940
287 / 940
288 / 940
289 / 940
290 / 940
291 / 940
292 / 940
293 / 940
294 / 940
295 / 940
296 / 940
297 / 940
298 / 940
299 / 940
300 / 940
301 / 940
302 / 940
303 / 940
304 / 940
305 / 940
306 / 940
307 / 940
308 / 940
309 / 940
310 / 940
311 / 940
312 / 940
313 / 940
314 / 940
315 / 940
316 / 940
317 / 940
318 / 940
319 / 940
320 / 940
321 / 940
322 / 940
323 / 940
324 / 940
325 / 940
326 / 940
327 / 940
328 / 940
329 / 940
330 / 940
331 / 940
332 / 940
333 / 940
334 / 940
335 / 940
336 / 940
337 / 940
338 / 940
339 / 940
340 / 940
341 / 940
342 / 940
343 / 940
344 / 940
345 / 940
346 / 940
347 / 940
348 / 940
349 / 940
350 / 940
351 / 940
352 / 940
353 / 940
354 / 940
355 / 940
356 / 940
357 / 940
358 / 940
359 / 940
360 / 940
361 / 940
362 / 940
363 / 940
364 / 940
365 / 940
366 / 940
367 / 940
368 / 940
369 / 940
370 / 940
371 / 940
372 / 940
373 / 940
374 / 940
375 / 940
376 / 940
377 / 940
378 / 940
379 / 940
380 / 940
381 / 940
382 / 940
383 / 940
384 / 940
385 / 940
386 / 940
387 / 940
388 / 940
389 / 940
390 / 940
391 / 940
392 / 940
393 / 940
394 / 940
395 / 940
396 / 940
397 / 940
398 / 940
399 / 940
400 / 940
401 / 940
402 / 940
403 / 940
404 / 940
405 / 940
406 / 940
407 / 940
408 / 940
409 / 940
410 / 940
411 / 940
412 / 940
413 / 940
414 / 940
415 / 940
416 / 940
417 / 940
418 / 940
419 / 940
420 / 940
421 / 940
422 / 940
423 / 940
424 / 940
425 / 940
426 / 940
427 / 940
428 / 940
429 / 940
430 / 940
431 / 940
432 / 940
433 / 940
434 / 940
435 / 940
436 / 940
437 / 940
438 / 940
439 / 940
440 / 940
441 / 940
442 / 940
443 / 940
444 / 940
445 / 940
446 / 940
447 / 940
448 / 940
449 / 940
450 / 940
451 / 940
452 / 940
453 / 940
454 / 940
455 / 940
456 / 940
457 / 940
458 / 940
459 / 940
460 / 940
461 / 940
462 / 940
463 / 940
464 / 940
465 / 940
466 / 940
467 / 940
468 / 940
469 / 940
470 / 940
471 / 940
472 / 940
473 / 940
474 / 940
475 / 940
476 / 940
477 / 940
478 / 940
479 / 940
480 / 940
481 / 940
482 / 940
483 / 940
484 / 940
485 / 940
486 / 940
487 / 940
488 / 940
489 / 940
490 / 940
491 / 940
492 / 940
493 / 940
494 / 940
495 / 940
496 / 940
497 / 940
498 / 940
499 / 940
500 / 940
501 / 940
502 / 940
503 / 940
504 / 940
505 / 940
506 / 940
507 / 940
508 / 940
509 / 940
510 / 940
511 / 940
512 / 940
513 / 940
514 / 940
515 / 940
516 / 940
517 / 940
518 / 940
519 / 940
520 / 940
521 / 940
522 / 940
523 / 940
524 / 940
525 / 940
526 / 940
527 / 940
528 / 940
529 / 940
530 / 940
531 / 940
532 / 940
533 / 940
534 / 940
535 / 940
536 / 940
537 / 940
538 / 940
539 / 940
540 / 940
541 / 940
542 / 940
543 / 940
544 / 940
545 / 940
546 / 940
547 / 940
548 / 940
549 / 940
550 / 940
551 / 940
552 / 940
553 / 940
554 / 940
555 / 940
556 / 940
557 / 940
558 / 940
559 / 940
560 / 940
561 / 940
562 / 940
563 / 940
564 / 940
565 / 940
566 / 940
567 / 940
568 / 940
569 / 940
570 / 940
571 / 940
572 / 940
573 / 940
574 / 940
575 / 940
576 / 940
577 / 940
578 / 940
579 / 940
580 / 940
581 / 940
582 / 940
583 / 940
584 / 940
585 / 940
586 / 940
587 / 940
588 / 940
589 / 940
590 / 940
591 / 940
592 / 940
593 / 940
594 / 940
595 / 940
596 / 940
597 / 940
598 / 940
599 / 940
600 / 940
601 / 940
602 / 940
603 / 940
604 / 940
605 / 940
606 / 940
607 / 940
608 / 940
609 / 940
610 / 940
611 / 940
612 / 940
613 / 940
614 / 940
615 / 940
616 / 940
617 / 940
618 / 940
619 / 940
620 / 940
621 / 940
622 / 940
623 / 940
624 / 940
625 / 940
626 / 940
627 / 940
628 / 940
629 / 940
630 / 940
631 / 940
632 / 940
633 / 940
634 / 940
635 / 940
636 / 940
637 / 940
638 / 940
639 / 940
640 / 940
641 / 940
642 / 940
643 / 940
644 / 940
645 / 940
646 / 940
647 / 940
648 / 940
649 / 940
650 / 940
651 / 940
652 / 940
653 / 940
654 / 940
655 / 940
656 / 940
657 / 940
658 / 940
659 / 940
660 / 940
661 / 940
662 / 940
663 / 940
664 / 940
665 / 940
666 / 940
667 / 940
668 / 940
669 / 940
670 / 940
671 / 940
672 / 940
673 / 940
674 / 940
675 / 940
676 / 940
677 / 940
678 / 940
679 / 940
680 / 940
681 / 940
682 / 940
683 / 940
684 / 940
685 / 940
686 / 940
687 / 940
688 / 940
689 / 940
690 / 940
691 / 940
692 / 940
693 / 940
694 / 940
695 / 940
696 / 940
697 / 940
698 / 940
699 / 940
700 / 940
701 / 940
702 / 940
703 / 940
704 / 940
705 / 940
706 / 940
707 / 940
708 / 940
709 / 940
710 / 940
711 / 940
712 / 940
713 / 940
714 / 940
715 / 940
716 / 940
717 / 940
718 / 940
719 / 940
720 / 940
721 / 940
722 / 940
723 / 940
724 / 940
725 / 940
726 / 940
727 / 940
728 / 940
729 / 940
730 / 940
731 / 940
732 / 940
733 / 940
734 / 940
735 / 940
736 / 940
737 / 940
738 / 940
739 / 940
740 / 940
741 / 940
742 / 940
743 / 940
744 / 940
745 / 940
746 / 940
747 / 940
748 / 940
749 / 940
750 / 940
751 / 940
752 / 940
753 / 940
754 / 940
755 / 940
756 / 940
757 / 940
758 / 940
759 / 940
760 / 940
761 / 940
762 / 940
763 / 940
764 / 940
765 / 940
766 / 940
767 / 940
768 / 940
769 / 940
770 / 940
771 / 940
772 / 940
773 / 940
774 / 940
775 / 940
776 / 940
777 / 940
778 / 940
779 / 940
780 / 940
781 / 940
782 / 940
783 / 940
784 / 940
785 / 940
786 / 940
787 / 940
788 / 940
789 / 940
790 / 940
791 / 940
792 / 940
793 / 940
794 / 940
795 / 940
796 / 940
797 / 940
798 / 940
799 / 940
800 / 940
801 / 940
802 / 940
803 / 940
804 / 940
805 / 940
806 / 940
807 / 940
808 / 940
809 / 940
810 / 940
811 / 940
812 / 940
813 / 940
814 / 940
815 / 940
816 / 940
817 / 940
818 / 940
819 / 940
820 / 940
821 / 940
822 / 940
823 / 940
824 / 940
825 / 940
826 / 940
827 / 940
828 / 940
829 / 940
830 / 940
831 / 940
832 / 940
833 / 940
834 / 940
835 / 940
836 / 940
837 / 940
838 / 940
839 / 940
840 / 940
841 / 940
842 / 940
843 / 940
844 / 940
845 / 940
846 / 940
847 / 940
848 / 940
849 / 940
850 / 940
851 / 940
852 / 940
853 / 940
854 / 940
855 / 940
856 / 940
857 / 940
858 / 940
859 / 940
860 / 940
861 / 940
862 / 940
863 / 940
864 / 940
865 / 940
866 / 940
867 / 940
868 / 940
869 / 940
870 / 940
871 / 940
872 / 940
873 / 940
874 / 940
875 / 940
876 / 940
877 / 940
878 / 940
879 / 940
880 / 940
881 / 940
882 / 940
883 / 940
884 / 940
885 / 940
886 / 940
887 / 940
888 / 940
889 / 940
890 / 940
891 / 940
892 / 940
893 / 940
894 / 940
895 / 940
896 / 940
897 / 940
898 / 940
899 / 940
900 / 940
901 / 940
902 / 940
903 / 940
904 / 940
905 / 940
906 / 940
907 / 940
908 / 940
909 / 940
910 / 940
911 / 940
912 / 940
913 / 940
914 / 940
915 / 940
916 / 940
917 / 940
918 / 940
919 / 940
920 / 940
921 / 940
922 / 940
923 / 940
924 / 940
925 / 940
926 / 940
927 / 940
928 / 940
929 / 940
930 / 940
931 / 940
932 / 940
933 / 940
934 / 940
935 / 940
936 / 940
937 / 940
938 / 940
939 / 940
940 / 940
