/home/grupo03/M5/Code/models/networks/segmentation/UNet.py:86: UserWarning: nn.init.kaiming_normal is now deprecated in favor of nn.init.kaiming_normal_.
  nn.init.kaiming_normal(module.weight)
/home/grupo03/anaconda3/lib/python2.7/site-packages/torch/nn/functional.py:1890: UserWarning: nn.functional.upsample is deprecated. Use nn.functional.interpolate instead.
  warnings.warn("nn.functional.upsample is deprecated. Use nn.functional.interpolate instead.")
/home/grupo03/anaconda3/lib/python2.7/site-packages/torch/nn/functional.py:1961: UserWarning: Default upsampling behavior when mode=bilinear is changed to align_corners=False since 0.4.0. Please specify align_corners=True if the old behavior is desired. See the documentation of nn.Upsample for details.
  "See the documentation of nn.Upsample for details.".format(mode))
/home/grupo03/anaconda3/lib/python2.7/site-packages/torch/nn/modules/loss.py:206: UserWarning: NLLLoss2d has been deprecated. Please use NLLLoss instead as a drop-in replacement and see http://pytorch.org/docs/master/nn.html#torch.nn.NLLLoss for more details.
  warnings.warn("NLLLoss2d has been deprecated. "
/home/grupo03/anaconda3/lib/python2.7/site-packages/torch/nn/functional.py:52: UserWarning: size_average and reduce args will be deprecated, please use reduction='elementwise_mean' instead.
  warnings.warn(warning.format(ret))
/home/grupo03/M5/Code/models/loss/segmentation/crossEntropyLoss2d.py:37: UserWarning: Implicit dimension choice for log_softmax has been deprecated. Change the call to include dim=X as an argument.
  loss = loss_fn_(F.log_softmax(inputs), targets)
stty: 'entrada estándar': Función ioctl no apropiada para el dispositivo
Traceback (most recent call last):
  File "main.py", line 98, in <module>
    main()
  File "main.py", line 49, in main
    dataloader.loader_set, dataloader.loader)
  File "/home/grupo03/M5/Code/tasks/simple_trainer_manager.py", line 85, in start
    self.training_loop(epoch, train_loader, epoch_bar)
  File "/home/grupo03/M5/Code/tasks/simple_trainer_manager.py", line 152, in training_loop
    self.update_epoch_messages(epoch_bar, self.global_bar, self.train_num_batches, epoch, i)
  File "/home/grupo03/M5/Code/tasks/simple_trainer_manager.py", line 219, in update_epoch_messages
    global_bar.update()
  File "/home/grupo03/M5/Code/utils/ProgressBar.py", line 55, in update
    msg_list, msg_lens = self.__split_msg(msg_endl)
  File "/home/grupo03/M5/Code/utils/ProgressBar.py", line 98, in __split_msg
    rows, columns = os.popen('stty size', 'r').read().split()
ValueError: need more than 0 values to unpack
