Traceback (most recent call last):
  File "main.py", line 98, in <module>
    main()
  File "main.py", line 15, in main
    cf = config.Load()
  File "/home/grupo03/M5/Code/config/configuration.py", line 26, in Load
    cf = yaml.load(f, Loader=yaml.Loader)
  File "/home/grupo03/.local/lib/python2.7/site-packages/ruamel/yaml/main.py", line 935, in load
    return loader._constructor.get_single_data()
  File "/home/grupo03/.local/lib/python2.7/site-packages/ruamel/yaml/constructor.py", line 109, in get_single_data
    node = self.composer.get_single_node()
  File "/home/grupo03/.local/lib/python2.7/site-packages/ruamel/yaml/composer.py", line 78, in get_single_node
    document = self.compose_document()
  File "/home/grupo03/.local/lib/python2.7/site-packages/ruamel/yaml/composer.py", line 101, in compose_document
    node = self.compose_node(None, None)
  File "/home/grupo03/.local/lib/python2.7/site-packages/ruamel/yaml/composer.py", line 138, in compose_node
    node = self.compose_mapping_node(anchor)
  File "/home/grupo03/.local/lib/python2.7/site-packages/ruamel/yaml/composer.py", line 211, in compose_mapping_node
    while not self.parser.check_event(MappingEndEvent):
  File "/home/grupo03/.local/lib/python2.7/site-packages/ruamel/yaml/parser.py", line 141, in check_event
    self.current_event = self.state()
  File "/home/grupo03/.local/lib/python2.7/site-packages/ruamel/yaml/parser.py", line 563, in parse_block_mapping_key
    if self.scanner.check_token(KeyToken):
  File "/home/grupo03/.local/lib/python2.7/site-packages/ruamel/yaml/scanner.py", line 168, in check_token
    while self.need_more_tokens():
  File "/home/grupo03/.local/lib/python2.7/site-packages/ruamel/yaml/scanner.py", line 205, in need_more_tokens
    self.stale_possible_simple_keys()
  File "/home/grupo03/.local/lib/python2.7/site-packages/ruamel/yaml/scanner.py", line 358, in stale_possible_simple_keys
    self.reader.get_mark(),
ruamel.yaml.scanner.ScannerError: while scanning a simple key
  in "config/SemSeg_sample_fcn8_KITTI.yml", line 50, column 1
could not find expected ':'
  in "config/SemSeg_sample_fcn8_KITTI.yml", line 51, column 1
