/home/grupo03/M5/Code/models/networks/segmentation/ResNetUNet.py:49: UserWarning: nn.init.kaiming_normal is now deprecated in favor of nn.init.kaiming_normal_.
  nn.init.kaiming_normal(module.weight)
Traceback (most recent call last):
  File "main.py", line 98, in <module>
    main()
  File "main.py", line 49, in main
    dataloader.loader_set, dataloader.loader)
  File "/home/grupo03/M5/Code/tasks/simple_trainer_manager.py", line 85, in start
    self.training_loop(epoch, train_loader, epoch_bar)
  File "/home/grupo03/M5/Code/tasks/simple_trainer_manager.py", line 129, in training_loop
    self.outputs = self.model.net(inputs)
  File "/home/grupo03/anaconda3/lib/python2.7/site-packages/torch/nn/modules/module.py", line 477, in __call__
    result = self.forward(*input, **kwargs)
  File "/home/grupo03/M5/Code/models/networks/segmentation/ResNetUNet.py", line 69, in forward
    layer2 = self.layer2_1x1(layer2)
  File "/home/grupo03/anaconda3/lib/python2.7/site-packages/torch/nn/modules/module.py", line 477, in __call__
    result = self.forward(*input, **kwargs)
  File "/home/grupo03/anaconda3/lib/python2.7/site-packages/torch/nn/modules/container.py", line 91, in forward
    input = module(input)
  File "/home/grupo03/anaconda3/lib/python2.7/site-packages/torch/nn/modules/module.py", line 477, in __call__
    result = self.forward(*input, **kwargs)
  File "/home/grupo03/anaconda3/lib/python2.7/site-packages/torch/nn/modules/conv.py", line 301, in forward
    self.padding, self.dilation, self.groups)
RuntimeError: Given groups=1, weight of size [512, 512, 1, 1], expected input[1, 128, 45, 60] to have 512 channels, but got 128 channels instead
